<?xml version="1.0" encoding="UTF-8"?>
<testng-results skipped="1" failed="0" ignored="5" total="6" passed="0">
  <reporter-output>
  </reporter-output>
  <suite name="Default suite" duration-ms="7721" started-at="2021-06-19T17:36:02Z" finished-at="2021-06-19T17:36:09Z">
    <groups>
    </groups>
    <test name="Default test" duration-ms="7721" started-at="2021-06-19T17:36:02Z" finished-at="2021-06-19T17:36:09Z">
      <class name="com.jakartalabs.may2021.AppTest">
        <test-method status="FAIL" signature="createWebDriver()[pri:0, instance:com.jakartalabs.may2021.AppTest@43814d18]" name="createWebDriver" is-config="true" duration-ms="7684" started-at="2021-06-19T17:36:02Z" finished-at="2021-06-19T17:36:09Z">
          <exception class="java.lang.ExceptionInInitializerError">
            <full-stacktrace>
              <![CDATA[java.lang.ExceptionInInitializerError
at com.jakartalabs.may2021.BaseWebTest.createWebDriver(BaseWebTest.java:33)
at sun.reflect.NativeMethodAccessorImpl.invoke0(Native Method)
at sun.reflect.NativeMethodAccessorImpl.invoke(NativeMethodAccessorImpl.java:62)
at sun.reflect.DelegatingMethodAccessorImpl.invoke(DelegatingMethodAccessorImpl.java:43)
at java.lang.reflect.Method.invoke(Method.java:498)
at org.testng.internal.MethodInvocationHelper.invokeMethod(MethodInvocationHelper.java:124)
at org.testng.internal.MethodInvocationHelper.invokeMethodConsideringTimeout(MethodInvocationHelper.java:59)
at org.testng.internal.Invoker.invokeConfigurationMethod(Invoker.java:458)
at org.testng.internal.Invoker.invokeConfigurations(Invoker.java:222)
at org.testng.internal.Invoker.invokeMethod(Invoker.java:523)
at org.testng.internal.Invoker.invokeTestMethod(Invoker.java:719)
at org.testng.internal.Invoker.invokeTestMethods(Invoker.java:989)
at org.testng.internal.TestMethodWorker.invokeTestMethods(TestMethodWorker.java:125)
at org.testng.internal.TestMethodWorker.run(TestMethodWorker.java:109)
at org.testng.TestRunner.privateRun(TestRunner.java:648)
at org.testng.TestRunner.run(TestRunner.java:505)
at org.testng.SuiteRunner.runTest(SuiteRunner.java:455)
at org.testng.SuiteRunner.runSequentially(SuiteRunner.java:450)
at org.testng.SuiteRunner.privateRun(SuiteRunner.java:415)
at org.testng.SuiteRunner.run(SuiteRunner.java:364)
at org.testng.SuiteRunnerWorker.runSuite(SuiteRunnerWorker.java:52)
at org.testng.SuiteRunnerWorker.run(SuiteRunnerWorker.java:84)
at org.testng.TestNG.runSuitesSequentially(TestNG.java:1208)
at org.testng.TestNG.runSuitesLocally(TestNG.java:1137)
at org.testng.TestNG.runSuites(TestNG.java:1049)
at org.testng.TestNG.run(TestNG.java:1017)
at org.testng.remote.AbstractRemoteTestNG.run(AbstractRemoteTestNG.java:115)
at org.testng.remote.RemoteTestNG.initAndRun(RemoteTestNG.java:251)
at org.testng.remote.RemoteTestNG.main(RemoteTestNG.java:77)
Caused by: java.lang.NullPointerException
at com.jakartalabs.may2021.utils.DataUtils.<clinit>(DataUtils.java:14)
... 29 more
]]>
            </full-stacktrace>
          </exception> <!-- java.lang.ExceptionInInitializerError -->
          <reporter-output>
          </reporter-output>
        </test-method> <!-- createWebDriver -->
        <test-method status="SKIP" signature="loginTest()[pri:0, instance:com.jakartalabs.may2021.AppTest@43814d18]" name="loginTest" duration-ms="0" started-at="2021-06-19T17:36:09Z" finished-at="2021-06-19T17:36:09Z">
          <exception class="java.lang.ExceptionInInitializerError">
            <full-stacktrace>
              <![CDATA[java.lang.ExceptionInInitializerError
at com.jakartalabs.may2021.BaseWebTest.createWebDriver(BaseWebTest.java:33)
at sun.reflect.NativeMethodAccessorImpl.invoke0(Native Method)
at sun.reflect.NativeMethodAccessorImpl.invoke(NativeMethodAccessorImpl.java:62)
at sun.reflect.DelegatingMethodAccessorImpl.invoke(DelegatingMethodAccessorImpl.java:43)
at java.lang.reflect.Method.invoke(Method.java:498)
at org.testng.internal.MethodInvocationHelper.invokeMethod(MethodInvocationHelper.java:124)
at org.testng.internal.MethodInvocationHelper.invokeMethodConsideringTimeout(MethodInvocationHelper.java:59)
at org.testng.internal.Invoker.invokeConfigurationMethod(Invoker.java:458)
at org.testng.internal.Invoker.invokeConfigurations(Invoker.java:222)
at org.testng.internal.Invoker.invokeMethod(Invoker.java:523)
at org.testng.internal.Invoker.invokeTestMethod(Invoker.java:719)
at org.testng.internal.Invoker.invokeTestMethods(Invoker.java:989)
at org.testng.internal.TestMethodWorker.invokeTestMethods(TestMethodWorker.java:125)
at org.testng.internal.TestMethodWorker.run(TestMethodWorker.java:109)
at org.testng.TestRunner.privateRun(TestRunner.java:648)
at org.testng.TestRunner.run(TestRunner.java:505)
at org.testng.SuiteRunner.runTest(SuiteRunner.java:455)
at org.testng.SuiteRunner.runSequentially(SuiteRunner.java:450)
at org.testng.SuiteRunner.privateRun(SuiteRunner.java:415)
at org.testng.SuiteRunner.run(SuiteRunner.java:364)
at org.testng.SuiteRunnerWorker.runSuite(SuiteRunnerWorker.java:52)
at org.testng.SuiteRunnerWorker.run(SuiteRunnerWorker.java:84)
at org.testng.TestNG.runSuitesSequentially(TestNG.java:1208)
at org.testng.TestNG.runSuitesLocally(TestNG.java:1137)
at org.testng.TestNG.runSuites(TestNG.java:1049)
at org.testng.TestNG.run(TestNG.java:1017)
at org.testng.remote.AbstractRemoteTestNG.run(AbstractRemoteTestNG.java:115)
at org.testng.remote.RemoteTestNG.initAndRun(RemoteTestNG.java:251)
at org.testng.remote.RemoteTestNG.main(RemoteTestNG.java:77)
Caused by: java.lang.NullPointerException
at com.jakartalabs.may2021.utils.DataUtils.<clinit>(DataUtils.java:14)
... 29 more
]]>
            </full-stacktrace>
          </exception> <!-- java.lang.ExceptionInInitializerError -->
          <reporter-output>
          </reporter-output>
        </test-method> <!-- loginTest -->
        <test-method status="SKIP" signature="quitWebDriver(org.testng.ITestResult)[pri:0, instance:com.jakartalabs.may2021.AppTest@43814d18]" name="quitWebDriver" is-config="true" duration-ms="0" started-at="2021-06-19T17:36:09Z" finished-at="2021-06-19T17:36:09Z">
          <reporter-output>
          </reporter-output>
        </test-method> <!-- quitWebDriver -->
      </class> <!-- com.jakartalabs.may2021.AppTest -->
    </test> <!-- Default test -->
  </suite> <!-- Default suite -->
</testng-results>
